<?xml version="1.0" encoding="utf-8"?>
<coverage line-rate="0.6328" branch-rate="0.5744" version="1.9" timestamp="1669535386" lines-covered="412" lines-valid="651" branches-covered="54" branches-valid="94">
  <sources>
    <source>C:\Rinka\Learning\Dot net learning\HotelAPI\HotelAPI\</source>
  </sources>
  <packages>
    <package name="HotelAPI" line-rate="0.6328" branch-rate="0.5744" complexity="180">
      <classes>
        <class name="HotelAPI.Program" filename="Program.cs" line-rate="0" branch-rate="1" complexity="2">
          <methods>
            <method name="Main" signature="(System.String[])" line-rate="0" branch-rate="1" complexity="1">
              <lines>
                <line number="9" hits="0" branch="False" />
                <line number="10" hits="0" branch="False" />
                <line number="11" hits="0" branch="False" />
                <line number="12" hits="0" branch="False" />
                <line number="13" hits="0" branch="False" />
                <line number="14" hits="0" branch="False" />
                <line number="15" hits="0" branch="False" />
                <line number="16" hits="0" branch="False" />
                <line number="17" hits="0" branch="False" />
              </lines>
            </method>
            <method name="CreateWebHostBuilder" signature="(System.String[])" line-rate="0" branch-rate="1" complexity="1">
              <lines>
                <line number="20" hits="0" branch="False" />
                <line number="21" hits="0" branch="False" />
              </lines>
            </method>
          </methods>
          <lines>
            <line number="9" hits="0" branch="False" />
            <line number="10" hits="0" branch="False" />
            <line number="11" hits="0" branch="False" />
            <line number="12" hits="0" branch="False" />
            <line number="13" hits="0" branch="False" />
            <line number="14" hits="0" branch="False" />
            <line number="15" hits="0" branch="False" />
            <line number="16" hits="0" branch="False" />
            <line number="17" hits="0" branch="False" />
            <line number="20" hits="0" branch="False" />
            <line number="21" hits="0" branch="False" />
          </lines>
        </class>
        <class name="HotelAPI.Startup" filename="Startup.cs" line-rate="0" branch-rate="0" complexity="5">
          <methods>
            <method name="get_Configuration" signature="()" line-rate="0" branch-rate="1" complexity="1">
              <lines>
                <line number="22" hits="0" branch="False" />
              </lines>
            </method>
            <method name="ConfigureServices" signature="(Microsoft.Extensions.DependencyInjection.IServiceCollection)" line-rate="0" branch-rate="1" complexity="1">
              <lines>
                <line number="26" hits="0" branch="False" />
                <line number="28" hits="0" branch="False" />
                <line number="29" hits="0" branch="False" />
                <line number="30" hits="0" branch="False" />
                <line number="31" hits="0" branch="False" />
                <line number="32" hits="0" branch="False" />
                <line number="33" hits="0" branch="False" />
                <line number="34" hits="0" branch="False" />
                <line number="35" hits="0" branch="False" />
                <line number="36" hits="0" branch="False" />
                <line number="37" hits="0" branch="False" />
                <line number="38" hits="0" branch="False" />
                <line number="39" hits="0" branch="False" />
                <line number="40" hits="0" branch="False" />
                <line number="41" hits="0" branch="False" />
                <line number="42" hits="0" branch="False" />
                <line number="43" hits="0" branch="False" />
              </lines>
            </method>
            <method name="Configure" signature="(Microsoft.AspNetCore.Builder.IApplicationBuilder,Microsoft.AspNetCore.Hosting.IWebHostEnvironment)" line-rate="0" branch-rate="0" complexity="2">
              <lines>
                <line number="47" hits="0" branch="False" />
                <line number="48" hits="0" branch="True" condition-coverage="0% (0/2)">
                  <conditions>
                    <condition number="9" type="jump" coverage="0%" />
                  </conditions>
                </line>
                <line number="49" hits="0" branch="False" />
                <line number="50" hits="0" branch="False" />
                <line number="51" hits="0" branch="False" />
                <line number="52" hits="0" branch="False" />
                <line number="53" hits="0" branch="False" />
                <line number="55" hits="0" branch="False" />
                <line number="57" hits="0" branch="False" />
                <line number="58" hits="0" branch="False" />
                <line number="60" hits="0" branch="False" />
                <line number="61" hits="0" branch="False" />
                <line number="62" hits="0" branch="False" />
                <line number="63" hits="0" branch="False" />
                <line number="64" hits="0" branch="False" />
                <line number="66" hits="0" branch="False" />
                <line number="68" hits="0" branch="False" />
                <line number="70" hits="0" branch="False" />
                <line number="72" hits="0" branch="False" />
                <line number="74" hits="0" branch="False" />
                <line number="76" hits="0" branch="False" />
                <line number="79" hits="0" branch="False" />
                <line number="81" hits="0" branch="False" />
                <line number="83" hits="0" branch="False" />
              </lines>
            </method>
            <method name=".ctor" signature="(Microsoft.Extensions.Configuration.IConfiguration)" line-rate="0" branch-rate="1" complexity="1">
              <lines>
                <line number="17" hits="0" branch="False" />
                <line number="18" hits="0" branch="False" />
                <line number="19" hits="0" branch="False" />
                <line number="20" hits="0" branch="False" />
              </lines>
            </method>
          </methods>
          <lines>
            <line number="22" hits="0" branch="False" />
            <line number="26" hits="0" branch="False" />
            <line number="28" hits="0" branch="False" />
            <line number="29" hits="0" branch="False" />
            <line number="30" hits="0" branch="False" />
            <line number="31" hits="0" branch="False" />
            <line number="32" hits="0" branch="False" />
            <line number="33" hits="0" branch="False" />
            <line number="34" hits="0" branch="False" />
            <line number="35" hits="0" branch="False" />
            <line number="36" hits="0" branch="False" />
            <line number="37" hits="0" branch="False" />
            <line number="38" hits="0" branch="False" />
            <line number="39" hits="0" branch="False" />
            <line number="40" hits="0" branch="False" />
            <line number="41" hits="0" branch="False" />
            <line number="42" hits="0" branch="False" />
            <line number="43" hits="0" branch="False" />
            <line number="47" hits="0" branch="False" />
            <line number="48" hits="0" branch="True" condition-coverage="0% (0/2)">
              <conditions>
                <condition number="9" type="jump" coverage="0%" />
              </conditions>
            </line>
            <line number="49" hits="0" branch="False" />
            <line number="50" hits="0" branch="False" />
            <line number="51" hits="0" branch="False" />
            <line number="52" hits="0" branch="False" />
            <line number="53" hits="0" branch="False" />
            <line number="55" hits="0" branch="False" />
            <line number="57" hits="0" branch="False" />
            <line number="58" hits="0" branch="False" />
            <line number="60" hits="0" branch="False" />
            <line number="61" hits="0" branch="False" />
            <line number="62" hits="0" branch="False" />
            <line number="63" hits="0" branch="False" />
            <line number="64" hits="0" branch="False" />
            <line number="66" hits="0" branch="False" />
            <line number="68" hits="0" branch="False" />
            <line number="70" hits="0" branch="False" />
            <line number="72" hits="0" branch="False" />
            <line number="74" hits="0" branch="False" />
            <line number="76" hits="0" branch="False" />
            <line number="79" hits="0" branch="False" />
            <line number="81" hits="0" branch="False" />
            <line number="83" hits="0" branch="False" />
            <line number="17" hits="0" branch="False" />
            <line number="18" hits="0" branch="False" />
            <line number="19" hits="0" branch="False" />
            <line number="20" hits="0" branch="False" />
          </lines>
        </class>
        <class name="HotelAPI.Services.AuthService" filename="Services\AuthService.cs" line-rate="1" branch-rate="0.5" complexity="3">
          <methods>
            <method name="GenerateTokensForUser" signature="(HotelAPI.Models.User)" line-rate="1" branch-rate="0.5" complexity="2">
              <lines>
                <line number="45" hits="5" branch="False" />
                <line number="46" hits="10" branch="True" condition-coverage="50% (1/2)">
                  <conditions>
                    <condition number="11" type="jump" coverage="50%" />
                  </conditions>
                </line>
                <line number="48" hits="5" branch="False" />
                <line number="49" hits="5" branch="False" />
                <line number="50" hits="5" branch="False" />
                <line number="51" hits="5" branch="False" />
                <line number="52" hits="5" branch="False" />
                <line number="53" hits="5" branch="False" />
                <line number="54" hits="5" branch="False" />
              </lines>
            </method>
            <method name=".ctor" signature="(HotelAPI.Data.Repositories.IRepositories.IUnitOfWork,AutoMapper.IMapper,HotelAPI.Security.Core.IJWTTokenService,HotelAPI.Services.iServices.IUserService)" line-rate="1" branch-rate="1" complexity="1">
              <lines>
                <line number="18" hits="1" branch="False" />
                <line number="19" hits="1" branch="False" />
                <line number="20" hits="1" branch="False" />
                <line number="21" hits="1" branch="False" />
                <line number="22" hits="1" branch="False" />
                <line number="23" hits="1" branch="False" />
                <line number="24" hits="1" branch="False" />
              </lines>
            </method>
          </methods>
          <lines>
            <line number="45" hits="5" branch="False" />
            <line number="46" hits="10" branch="True" condition-coverage="50% (1/2)">
              <conditions>
                <condition number="11" type="jump" coverage="50%" />
              </conditions>
            </line>
            <line number="48" hits="5" branch="False" />
            <line number="49" hits="5" branch="False" />
            <line number="50" hits="5" branch="False" />
            <line number="51" hits="5" branch="False" />
            <line number="52" hits="5" branch="False" />
            <line number="53" hits="5" branch="False" />
            <line number="54" hits="5" branch="False" />
            <line number="18" hits="1" branch="False" />
            <line number="19" hits="1" branch="False" />
            <line number="20" hits="1" branch="False" />
            <line number="21" hits="1" branch="False" />
            <line number="22" hits="1" branch="False" />
            <line number="23" hits="1" branch="False" />
            <line number="24" hits="1" branch="False" />
          </lines>
        </class>
        <class name="HotelAPI.Services.AuthService/&lt;LoginUser&gt;d__6" filename="Services\AuthService.cs" line-rate="1" branch-rate="1" complexity="4">
          <methods>
            <method name="MoveNext" signature="()" line-rate="1" branch-rate="1" complexity="4">
              <lines>
                <line number="35" hits="5" branch="False" />
                <line number="36" hits="5" branch="False" />
                <line number="37" hits="6" branch="True" condition-coverage="100% (2/2)">
                  <conditions>
                    <condition number="174" type="jump" coverage="100%" />
                  </conditions>
                </line>
                <line number="38" hits="4" branch="False" />
                <line number="39" hits="5" branch="True" condition-coverage="100% (2/2)">
                  <conditions>
                    <condition number="234" type="jump" coverage="100%" />
                  </conditions>
                </line>
                <line number="40" hits="3" branch="False" />
                <line number="41" hits="3" branch="False" />
              </lines>
            </method>
          </methods>
          <lines>
            <line number="35" hits="5" branch="False" />
            <line number="36" hits="5" branch="False" />
            <line number="37" hits="6" branch="True" condition-coverage="100% (2/2)">
              <conditions>
                <condition number="174" type="jump" coverage="100%" />
              </conditions>
            </line>
            <line number="38" hits="4" branch="False" />
            <line number="39" hits="5" branch="True" condition-coverage="100% (2/2)">
              <conditions>
                <condition number="234" type="jump" coverage="100%" />
              </conditions>
            </line>
            <line number="40" hits="3" branch="False" />
            <line number="41" hits="3" branch="False" />
          </lines>
        </class>
        <class name="HotelAPI.Services.AuthService/&lt;RefreshAccessToken&gt;d__8" filename="Services\AuthService.cs" line-rate="1" branch-rate="0.5" complexity="4">
          <methods>
            <method name="MoveNext" signature="()" line-rate="1" branch-rate="0.5" complexity="4">
              <lines>
                <line number="57" hits="1" branch="False" />
                <line number="58" hits="1" branch="False" />
                <line number="59" hits="1" branch="True" condition-coverage="50% (1/2)">
                  <conditions>
                    <condition number="62" type="jump" coverage="50%" />
                  </conditions>
                </line>
                <line number="60" hits="1" branch="False" />
                <line number="61" hits="1" branch="True" condition-coverage="50% (1/2)">
                  <conditions>
                    <condition number="230" type="jump" coverage="50%" />
                  </conditions>
                </line>
                <line number="62" hits="1" branch="False" />
                <line number="63" hits="1" branch="False" />
                <line number="64" hits="1" branch="False" />
                <line number="65" hits="1" branch="False" />
                <line number="66" hits="1" branch="False" />
                <line number="67" hits="1" branch="False" />
                <line number="68" hits="1" branch="False" />
              </lines>
            </method>
          </methods>
          <lines>
            <line number="57" hits="1" branch="False" />
            <line number="58" hits="1" branch="False" />
            <line number="59" hits="1" branch="True" condition-coverage="50% (1/2)">
              <conditions>
                <condition number="62" type="jump" coverage="50%" />
              </conditions>
            </line>
            <line number="60" hits="1" branch="False" />
            <line number="61" hits="1" branch="True" condition-coverage="50% (1/2)">
              <conditions>
                <condition number="230" type="jump" coverage="50%" />
              </conditions>
            </line>
            <line number="62" hits="1" branch="False" />
            <line number="63" hits="1" branch="False" />
            <line number="64" hits="1" branch="False" />
            <line number="65" hits="1" branch="False" />
            <line number="66" hits="1" branch="False" />
            <line number="67" hits="1" branch="False" />
            <line number="68" hits="1" branch="False" />
          </lines>
        </class>
        <class name="HotelAPI.Services.AuthService/&lt;SignUpUser&gt;d__5" filename="Services\AuthService.cs" line-rate="1" branch-rate="1" complexity="2">
          <methods>
            <method name="MoveNext" signature="()" line-rate="1" branch-rate="1" complexity="2">
              <lines>
                <line number="27" hits="3" branch="False" />
                <line number="28" hits="3" branch="False" />
                <line number="29" hits="4" branch="True" condition-coverage="100% (2/2)">
                  <conditions>
                    <condition number="185" type="jump" coverage="100%" />
                  </conditions>
                </line>
                <line number="30" hits="2" branch="False" />
                <line number="31" hits="2" branch="False" />
                <line number="32" hits="2" branch="False" />
              </lines>
            </method>
          </methods>
          <lines>
            <line number="27" hits="3" branch="False" />
            <line number="28" hits="3" branch="False" />
            <line number="29" hits="4" branch="True" condition-coverage="100% (2/2)">
              <conditions>
                <condition number="185" type="jump" coverage="100%" />
              </conditions>
            </line>
            <line number="30" hits="2" branch="False" />
            <line number="31" hits="2" branch="False" />
            <line number="32" hits="2" branch="False" />
          </lines>
        </class>
        <class name="HotelAPI.Services.UserService" filename="Services\UserService.cs" line-rate="1" branch-rate="1" complexity="2">
          <methods>
            <method name="verifyPasswords" signature="(HotelAPI.Models.User,HotelAPI.Models.DTO.UserCredentials)" line-rate="1" branch-rate="1" complexity="1">
              <lines>
                <line number="35" hits="4" branch="False" />
                <line number="36" hits="4" branch="False" />
                <line number="37" hits="4" branch="False" />
              </lines>
            </method>
            <method name=".ctor" signature="(HotelAPI.Data.Repositories.IRepositories.IUnitOfWork)" line-rate="1" branch-rate="1" complexity="1">
              <lines>
                <line number="13" hits="1" branch="False" />
                <line number="14" hits="1" branch="False" />
                <line number="15" hits="1" branch="False" />
                <line number="16" hits="1" branch="False" />
              </lines>
            </method>
          </methods>
          <lines>
            <line number="35" hits="4" branch="False" />
            <line number="36" hits="4" branch="False" />
            <line number="37" hits="4" branch="False" />
            <line number="13" hits="1" branch="False" />
            <line number="14" hits="1" branch="False" />
            <line number="15" hits="1" branch="False" />
            <line number="16" hits="1" branch="False" />
          </lines>
        </class>
        <class name="HotelAPI.Services.UserService/&lt;CreateANewUser&gt;d__3" filename="Services\UserService.cs" line-rate="1" branch-rate="1" complexity="1">
          <methods>
            <method name="MoveNext" signature="()" line-rate="1" branch-rate="1" complexity="1">
              <lines>
                <line number="24" hits="2" branch="False" />
                <line number="25" hits="2" branch="False" />
                <line number="26" hits="2" branch="False" />
                <line number="27" hits="2" branch="False" />
                <line number="28" hits="2" branch="False" />
                <line number="29" hits="2" branch="False" />
                <line number="30" hits="2" branch="False" />
                <line number="31" hits="2" branch="False" />
                <line number="32" hits="2" branch="False" />
              </lines>
            </method>
          </methods>
          <lines>
            <line number="24" hits="2" branch="False" />
            <line number="25" hits="2" branch="False" />
            <line number="26" hits="2" branch="False" />
            <line number="27" hits="2" branch="False" />
            <line number="28" hits="2" branch="False" />
            <line number="29" hits="2" branch="False" />
            <line number="30" hits="2" branch="False" />
            <line number="31" hits="2" branch="False" />
            <line number="32" hits="2" branch="False" />
          </lines>
        </class>
        <class name="HotelAPI.Services.UserService/&lt;GetById&gt;d__2" filename="Services\UserService.cs" line-rate="1" branch-rate="1" complexity="1">
          <methods>
            <method name="MoveNext" signature="()" line-rate="1" branch-rate="1" complexity="1">
              <lines>
                <line number="19" hits="1" branch="False" />
                <line number="20" hits="1" branch="False" />
                <line number="21" hits="1" branch="False" />
              </lines>
            </method>
          </methods>
          <lines>
            <line number="19" hits="1" branch="False" />
            <line number="20" hits="1" branch="False" />
            <line number="21" hits="1" branch="False" />
          </lines>
        </class>
        <class name="HotelAPI.Services.UserService/&lt;UserExists&gt;d__5" filename="Services\UserService.cs" line-rate="1" branch-rate="1" complexity="1">
          <methods>
            <method name="MoveNext" signature="()" line-rate="1" branch-rate="1" complexity="1">
              <lines>
                <line number="40" hits="3" branch="False" />
                <line number="41" hits="3" branch="False" />
                <line number="42" hits="3" branch="False" />
                <line number="43" hits="3" branch="False" />
              </lines>
            </method>
          </methods>
          <lines>
            <line number="40" hits="3" branch="False" />
            <line number="41" hits="3" branch="False" />
            <line number="42" hits="3" branch="False" />
            <line number="43" hits="3" branch="False" />
          </lines>
        </class>
        <class name="HotelAPI.Security.JwtMiddleware" filename="Security\JWTMiddleware.cs" line-rate="0" branch-rate="1" complexity="1">
          <methods>
            <method name=".ctor" signature="(Microsoft.AspNetCore.Http.RequestDelegate)" line-rate="0" branch-rate="1" complexity="1">
              <lines>
                <line number="12" hits="0" branch="False" />
                <line number="13" hits="0" branch="False" />
                <line number="14" hits="0" branch="False" />
                <line number="15" hits="0" branch="False" />
              </lines>
            </method>
          </methods>
          <lines>
            <line number="12" hits="0" branch="False" />
            <line number="13" hits="0" branch="False" />
            <line number="14" hits="0" branch="False" />
            <line number="15" hits="0" branch="False" />
          </lines>
        </class>
        <class name="HotelAPI.Security.JwtMiddleware/&lt;Invoke&gt;d__2" filename="Security\JWTMiddleware.cs" line-rate="0" branch-rate="0" complexity="4">
          <methods>
            <method name="MoveNext" signature="()" line-rate="0" branch-rate="0" complexity="4">
              <lines>
                <line number="18" hits="0" branch="False" />
                <line number="19" hits="0" branch="True" condition-coverage="0% (0/2)">
                  <conditions>
                    <condition number="56" type="jump" coverage="0%" />
                  </conditions>
                </line>
                <line number="20" hits="0" branch="False" />
                <line number="21" hits="0" branch="True" condition-coverage="0% (0/2)">
                  <conditions>
                    <condition number="117" type="jump" coverage="0%" />
                  </conditions>
                </line>
                <line number="22" hits="0" branch="False" />
                <line number="23" hits="0" branch="False" />
                <line number="24" hits="0" branch="False" />
                <line number="26" hits="0" branch="False" />
                <line number="27" hits="0" branch="False" />
              </lines>
            </method>
          </methods>
          <lines>
            <line number="18" hits="0" branch="False" />
            <line number="19" hits="0" branch="True" condition-coverage="0% (0/2)">
              <conditions>
                <condition number="56" type="jump" coverage="0%" />
              </conditions>
            </line>
            <line number="20" hits="0" branch="False" />
            <line number="21" hits="0" branch="True" condition-coverage="0% (0/2)">
              <conditions>
                <condition number="117" type="jump" coverage="0%" />
              </conditions>
            </line>
            <line number="22" hits="0" branch="False" />
            <line number="23" hits="0" branch="False" />
            <line number="24" hits="0" branch="False" />
            <line number="26" hits="0" branch="False" />
            <line number="27" hits="0" branch="False" />
          </lines>
        </class>
        <class name="HotelAPI.Security.JWTTokenOptions" filename="Security\JWTTokenOptions.cs" line-rate="1" branch-rate="1" complexity="6">
          <methods>
            <method name="get_Audience" signature="()" line-rate="1" branch-rate="1" complexity="1">
              <lines>
                <line number="6" hits="13" branch="False" />
              </lines>
            </method>
            <method name="get_Issuer" signature="()" line-rate="1" branch-rate="1" complexity="1">
              <lines>
                <line number="7" hits="13" branch="False" />
              </lines>
            </method>
            <method name="get_AccessTokenExpirationMinutes" signature="()" line-rate="1" branch-rate="1" complexity="1">
              <lines>
                <line number="8" hits="7" branch="False" />
              </lines>
            </method>
            <method name="get_RefreshTokenExpirationDays" signature="()" line-rate="1" branch-rate="1" complexity="1">
              <lines>
                <line number="9" hits="6" branch="False" />
              </lines>
            </method>
            <method name="get_Secret" signature="()" line-rate="1" branch-rate="1" complexity="1">
              <lines>
                <line number="10" hits="2" branch="False" />
              </lines>
            </method>
            <method name="get_RefreshTokenSecret" signature="()" line-rate="1" branch-rate="1" complexity="1">
              <lines>
                <line number="11" hits="2" branch="False" />
              </lines>
            </method>
          </methods>
          <lines>
            <line number="6" hits="13" branch="False" />
            <line number="7" hits="13" branch="False" />
            <line number="8" hits="7" branch="False" />
            <line number="9" hits="6" branch="False" />
            <line number="10" hits="2" branch="False" />
            <line number="11" hits="2" branch="False" />
          </lines>
        </class>
        <class name="HotelAPI.Security.JWTTokenService" filename="Security\JWTTokenService.cs" line-rate="0.6981" branch-rate="0.5" complexity="16">
          <methods>
            <method name="GenerateJwtToken" signature="(HotelAPI.Models.User)" line-rate="1" branch-rate="1" complexity="1">
              <lines>
                <line number="24" hits="6" branch="False" />
                <line number="25" hits="6" branch="False" />
                <line number="26" hits="6" branch="False" />
                <line number="27" hits="6" branch="False" />
                <line number="30" hits="6" branch="False" />
                <line number="31" hits="6" branch="False" />
                <line number="32" hits="6" branch="False" />
                <line number="33" hits="6" branch="False" />
                <line number="34" hits="6" branch="False" />
                <line number="35" hits="6" branch="False" />
                <line number="36" hits="6" branch="False" />
                <line number="37" hits="6" branch="False" />
                <line number="38" hits="6" branch="False" />
                <line number="39" hits="6" branch="False" />
                <line number="40" hits="6" branch="False" />
              </lines>
            </method>
            <method name="GetClaims" signature="(HotelAPI.Models.User)" line-rate="1" branch-rate="0.625" complexity="8">
              <lines>
                <line number="43" hits="6" branch="False" />
                <line number="44" hits="6" branch="True" condition-coverage="50% (2/4)">
                  <conditions>
                    <condition number="86" type="jump" coverage="50%" />
                    <condition number="126" type="jump" coverage="50%" />
                  </conditions>
                </line>
                <line number="45" hits="6" branch="False" />
                <line number="46" hits="6" branch="False" />
                <line number="47" hits="6" branch="False" />
                <line number="48" hits="6" branch="False" />
                <line number="49" hits="6" branch="False" />
                <line number="50" hits="6" branch="False" />
                <line number="52" hits="30" branch="True" condition-coverage="100% (2/2)">
                  <conditions>
                    <condition number="219" type="jump" coverage="100%" />
                  </conditions>
                </line>
                <line number="53" hits="6" branch="False" />
                <line number="54" hits="6" branch="True" condition-coverage="50% (1/2)">
                  <conditions>
                    <condition number="192" type="jump" coverage="50%" />
                  </conditions>
                </line>
                <line number="55" hits="6" branch="False" />
                <line number="57" hits="6" branch="False" />
                <line number="58" hits="6" branch="False" />
              </lines>
            </method>
            <method name="ValidateJwtToken" signature="(System.String)" line-rate="0" branch-rate="0" complexity="2">
              <lines>
                <line number="61" hits="0" branch="False" />
                <line number="62" hits="0" branch="True" condition-coverage="0% (0/2)">
                  <conditions>
                    <condition number="7" type="jump" coverage="0%" />
                  </conditions>
                </line>
                <line number="64" hits="0" branch="False" />
                <line number="65" hits="0" branch="False" />
                <line number="66" hits="0" branch="False" />
                <line number="67" hits="0" branch="False" />
                <line number="68" hits="0" branch="False" />
                <line number="69" hits="0" branch="False" />
                <line number="70" hits="0" branch="False" />
                <line number="71" hits="0" branch="False" />
                <line number="72" hits="0" branch="False" />
                <line number="73" hits="0" branch="False" />
                <line number="74" hits="0" branch="False" />
                <line number="75" hits="0" branch="False" />
                <line number="76" hits="0" branch="False" />
                <line number="78" hits="0" branch="False" />
                <line number="79" hits="0" branch="False" />
                <line number="80" hits="0" branch="False" />
                <line number="81" hits="0" branch="False" />
                <line number="82" hits="0" branch="False" />
                <line number="83" hits="0" branch="False" />
                <line number="84" hits="0" branch="False" />
                <line number="85" hits="0" branch="False" />
                <line number="86" hits="0" branch="False" />
                <line number="89" hits="0" branch="False" />
                <line number="91" hits="0" branch="False" />
                <line number="92" hits="0" branch="False" />
                <line number="95" hits="0" branch="False" />
                <line number="98" hits="0" branch="False" />
              </lines>
            </method>
            <method name="GenerateRefreshToken" signature="(HotelAPI.Models.User)" line-rate="1" branch-rate="0.5" complexity="2">
              <lines>
                <line number="100" hits="5" branch="False" />
                <line number="101" hits="5" branch="False" />
                <line number="102" hits="5" branch="False" />
                <line number="103" hits="5" branch="False" />
                <line number="104" hits="5" branch="True" condition-coverage="50% (1/2)">
                  <conditions>
                    <condition number="115" type="jump" coverage="50%" />
                  </conditions>
                </line>
                <line number="105" hits="5" branch="False" />
                <line number="106" hits="5" branch="False" />
                <line number="107" hits="5" branch="False" />
                <line number="108" hits="5" branch="False" />
                <line number="110" hits="5" branch="False" />
                <line number="111" hits="5" branch="False" />
                <line number="112" hits="5" branch="False" />
                <line number="113" hits="5" branch="False" />
                <line number="114" hits="5" branch="False" />
                <line number="115" hits="5" branch="False" />
                <line number="116" hits="5" branch="False" />
                <line number="117" hits="5" branch="False" />
                <line number="118" hits="5" branch="False" />
                <line number="119" hits="5" branch="False" />
                <line number="120" hits="5" branch="False" />
              </lines>
            </method>
            <method name="ValidateRefreshToken" signature="(System.String)" line-rate="0.8636" branch-rate="0.5" complexity="2">
              <lines>
                <line number="123" hits="1" branch="False" />
                <line number="124" hits="1" branch="True" condition-coverage="50% (1/2)">
                  <conditions>
                    <condition number="7" type="jump" coverage="50%" />
                  </conditions>
                </line>
                <line number="126" hits="1" branch="False" />
                <line number="127" hits="1" branch="False" />
                <line number="128" hits="1" branch="False" />
                <line number="129" hits="1" branch="False" />
                <line number="130" hits="1" branch="False" />
                <line number="131" hits="1" branch="False" />
                <line number="132" hits="1" branch="False" />
                <line number="133" hits="1" branch="False" />
                <line number="134" hits="1" branch="False" />
                <line number="135" hits="1" branch="False" />
                <line number="136" hits="1" branch="False" />
                <line number="137" hits="1" branch="False" />
                <line number="138" hits="1" branch="False" />
                <line number="140" hits="1" branch="False" />
                <line number="141" hits="3" branch="False" />
                <line number="144" hits="1" branch="False" />
                <line number="146" hits="0" branch="False" />
                <line number="147" hits="0" branch="False" />
                <line number="149" hits="0" branch="False" />
                <line number="152" hits="1" branch="False" />
              </lines>
            </method>
            <method name=".ctor" signature="(Microsoft.Extensions.Options.IOptions`1&lt;HotelAPI.Security.JWTTokenOptions&gt;)" line-rate="1" branch-rate="1" complexity="1">
              <lines>
                <line number="16" hits="1" branch="False" />
                <line number="17" hits="1" branch="False" />
                <line number="18" hits="1" branch="False" />
                <line number="19" hits="1" branch="False" />
                <line number="20" hits="1" branch="False" />
                <line number="21" hits="1" branch="False" />
              </lines>
            </method>
          </methods>
          <lines>
            <line number="24" hits="6" branch="False" />
            <line number="25" hits="6" branch="False" />
            <line number="26" hits="6" branch="False" />
            <line number="27" hits="6" branch="False" />
            <line number="30" hits="6" branch="False" />
            <line number="31" hits="6" branch="False" />
            <line number="32" hits="6" branch="False" />
            <line number="33" hits="6" branch="False" />
            <line number="34" hits="6" branch="False" />
            <line number="35" hits="6" branch="False" />
            <line number="36" hits="6" branch="False" />
            <line number="37" hits="6" branch="False" />
            <line number="38" hits="6" branch="False" />
            <line number="39" hits="6" branch="False" />
            <line number="40" hits="6" branch="False" />
            <line number="43" hits="6" branch="False" />
            <line number="44" hits="6" branch="True" condition-coverage="50% (2/4)">
              <conditions>
                <condition number="86" type="jump" coverage="50%" />
                <condition number="126" type="jump" coverage="50%" />
              </conditions>
            </line>
            <line number="45" hits="6" branch="False" />
            <line number="46" hits="6" branch="False" />
            <line number="47" hits="6" branch="False" />
            <line number="48" hits="6" branch="False" />
            <line number="49" hits="6" branch="False" />
            <line number="50" hits="6" branch="False" />
            <line number="52" hits="30" branch="True" condition-coverage="100% (2/2)">
              <conditions>
                <condition number="219" type="jump" coverage="100%" />
              </conditions>
            </line>
            <line number="53" hits="6" branch="False" />
            <line number="54" hits="6" branch="True" condition-coverage="50% (1/2)">
              <conditions>
                <condition number="192" type="jump" coverage="50%" />
              </conditions>
            </line>
            <line number="55" hits="6" branch="False" />
            <line number="57" hits="6" branch="False" />
            <line number="58" hits="6" branch="False" />
            <line number="61" hits="0" branch="False" />
            <line number="62" hits="0" branch="True" condition-coverage="0% (0/2)">
              <conditions>
                <condition number="7" type="jump" coverage="0%" />
              </conditions>
            </line>
            <line number="64" hits="0" branch="False" />
            <line number="65" hits="0" branch="False" />
            <line number="66" hits="0" branch="False" />
            <line number="67" hits="0" branch="False" />
            <line number="68" hits="0" branch="False" />
            <line number="69" hits="0" branch="False" />
            <line number="70" hits="0" branch="False" />
            <line number="71" hits="0" branch="False" />
            <line number="72" hits="0" branch="False" />
            <line number="73" hits="0" branch="False" />
            <line number="74" hits="0" branch="False" />
            <line number="75" hits="0" branch="False" />
            <line number="76" hits="0" branch="False" />
            <line number="78" hits="0" branch="False" />
            <line number="79" hits="0" branch="False" />
            <line number="80" hits="0" branch="False" />
            <line number="81" hits="0" branch="False" />
            <line number="82" hits="0" branch="False" />
            <line number="83" hits="0" branch="False" />
            <line number="84" hits="0" branch="False" />
            <line number="85" hits="0" branch="False" />
            <line number="86" hits="0" branch="False" />
            <line number="89" hits="0" branch="False" />
            <line number="91" hits="0" branch="False" />
            <line number="92" hits="0" branch="False" />
            <line number="95" hits="0" branch="False" />
            <line number="98" hits="0" branch="False" />
            <line number="100" hits="5" branch="False" />
            <line number="101" hits="5" branch="False" />
            <line number="102" hits="5" branch="False" />
            <line number="103" hits="5" branch="False" />
            <line number="104" hits="5" branch="True" condition-coverage="50% (1/2)">
              <conditions>
                <condition number="115" type="jump" coverage="50%" />
              </conditions>
            </line>
            <line number="105" hits="5" branch="False" />
            <line number="106" hits="5" branch="False" />
            <line number="107" hits="5" branch="False" />
            <line number="108" hits="5" branch="False" />
            <line number="110" hits="5" branch="False" />
            <line number="111" hits="5" branch="False" />
            <line number="112" hits="5" branch="False" />
            <line number="113" hits="5" branch="False" />
            <line number="114" hits="5" branch="False" />
            <line number="115" hits="5" branch="False" />
            <line number="116" hits="5" branch="False" />
            <line number="117" hits="5" branch="False" />
            <line number="118" hits="5" branch="False" />
            <line number="119" hits="5" branch="False" />
            <line number="120" hits="5" branch="False" />
            <line number="123" hits="1" branch="False" />
            <line number="124" hits="1" branch="True" condition-coverage="50% (1/2)">
              <conditions>
                <condition number="7" type="jump" coverage="50%" />
              </conditions>
            </line>
            <line number="126" hits="1" branch="False" />
            <line number="127" hits="1" branch="False" />
            <line number="128" hits="1" branch="False" />
            <line number="129" hits="1" branch="False" />
            <line number="130" hits="1" branch="False" />
            <line number="131" hits="1" branch="False" />
            <line number="132" hits="1" branch="False" />
            <line number="133" hits="1" branch="False" />
            <line number="134" hits="1" branch="False" />
            <line number="135" hits="1" branch="False" />
            <line number="136" hits="1" branch="False" />
            <line number="137" hits="1" branch="False" />
            <line number="138" hits="1" branch="False" />
            <line number="140" hits="1" branch="False" />
            <line number="141" hits="3" branch="False" />
            <line number="144" hits="1" branch="False" />
            <line number="146" hits="0" branch="False" />
            <line number="147" hits="0" branch="False" />
            <line number="149" hits="0" branch="False" />
            <line number="152" hits="1" branch="False" />
            <line number="16" hits="1" branch="False" />
            <line number="17" hits="1" branch="False" />
            <line number="18" hits="1" branch="False" />
            <line number="19" hits="1" branch="False" />
            <line number="20" hits="1" branch="False" />
            <line number="21" hits="1" branch="False" />
          </lines>
        </class>
        <class name="HotelAPI.Security.Filters.AuthorizeAttribute" filename="Security\Filters\AuthorizeAttribute.cs" line-rate="0.9565" branch-rate="0.9166" complexity="12">
          <methods>
            <method name="OnAuthorization" signature="(Microsoft.AspNetCore.Mvc.Filters.AuthorizationFilterContext)" line-rate="0.9473" branch-rate="1" complexity="10">
              <lines>
                <line number="17" hits="3" branch="False" />
                <line number="19" hits="3" branch="False" />
                <line number="20" hits="3" branch="True" condition-coverage="100% (2/2)">
                  <conditions>
                    <condition number="26" type="jump" coverage="100%" />
                  </conditions>
                </line>
                <line number="21" hits="0" branch="False" />
                <line number="24" hits="3" branch="False" />
                <line number="26" hits="3" branch="True" condition-coverage="100% (2/2)">
                  <conditions>
                    <condition number="66" type="jump" coverage="100%" />
                  </conditions>
                </line>
                <line number="27" hits="1" branch="False" />
                <line number="28" hits="1" branch="False" />
                <line number="29" hits="1" branch="False" />
                <line number="32" hits="2" branch="True" condition-coverage="100% (2/2)">
                  <conditions>
                    <condition number="128" type="jump" coverage="100%" />
                  </conditions>
                </line>
                <line number="33" hits="2" branch="False" />
                <line number="34" hits="2" branch="False" />
                <line number="36" hits="10" branch="True" condition-coverage="100% (2/2)">
                  <conditions>
                    <condition number="183" type="jump" coverage="100%" />
                  </conditions>
                </line>
                <line number="37" hits="2" branch="False" />
                <line number="38" hits="2" branch="False" />
                <line number="39" hits="2" branch="False" />
                <line number="40" hits="3" branch="True" condition-coverage="100% (2/2)">
                  <conditions>
                    <condition number="209" type="jump" coverage="100%" />
                  </conditions>
                </line>
                <line number="41" hits="2" branch="False" />
                <line number="43" hits="3" branch="False" />
              </lines>
            </method>
            <method name=".ctor" signature="(HotelAPI.Models.Role[])" line-rate="1" branch-rate="0.5" complexity="2">
              <lines>
                <line number="12" hits="3" branch="False" />
                <line number="13" hits="3" branch="False" />
                <line number="14" hits="3" branch="True" condition-coverage="50% (1/2)">
                  <conditions>
                    <condition number="11" type="jump" coverage="50%" />
                  </conditions>
                </line>
                <line number="15" hits="3" branch="False" />
              </lines>
            </method>
          </methods>
          <lines>
            <line number="17" hits="3" branch="False" />
            <line number="19" hits="3" branch="False" />
            <line number="20" hits="3" branch="True" condition-coverage="100% (2/2)">
              <conditions>
                <condition number="26" type="jump" coverage="100%" />
              </conditions>
            </line>
            <line number="21" hits="0" branch="False" />
            <line number="24" hits="3" branch="False" />
            <line number="26" hits="3" branch="True" condition-coverage="100% (2/2)">
              <conditions>
                <condition number="66" type="jump" coverage="100%" />
              </conditions>
            </line>
            <line number="27" hits="1" branch="False" />
            <line number="28" hits="1" branch="False" />
            <line number="29" hits="1" branch="False" />
            <line number="32" hits="2" branch="True" condition-coverage="100% (2/2)">
              <conditions>
                <condition number="128" type="jump" coverage="100%" />
              </conditions>
            </line>
            <line number="33" hits="2" branch="False" />
            <line number="34" hits="2" branch="False" />
            <line number="36" hits="10" branch="True" condition-coverage="100% (2/2)">
              <conditions>
                <condition number="183" type="jump" coverage="100%" />
              </conditions>
            </line>
            <line number="37" hits="2" branch="False" />
            <line number="38" hits="2" branch="False" />
            <line number="39" hits="2" branch="False" />
            <line number="40" hits="3" branch="True" condition-coverage="100% (2/2)">
              <conditions>
                <condition number="209" type="jump" coverage="100%" />
              </conditions>
            </line>
            <line number="41" hits="2" branch="False" />
            <line number="43" hits="3" branch="False" />
            <line number="12" hits="3" branch="False" />
            <line number="13" hits="3" branch="False" />
            <line number="14" hits="3" branch="True" condition-coverage="50% (1/2)">
              <conditions>
                <condition number="11" type="jump" coverage="50%" />
              </conditions>
            </line>
            <line number="15" hits="3" branch="False" />
          </lines>
        </class>
        <class name="HotelAPI.Models.NewUserResponse" filename="Models\DTO\NewUserResponse.cs" line-rate="1" branch-rate="1" complexity="4">
          <methods>
            <method name="get_Email" signature="()" line-rate="1" branch-rate="1" complexity="1">
              <lines>
                <line number="10" hits="10" branch="False" />
              </lines>
            </method>
            <method name="get_Name" signature="()" line-rate="1" branch-rate="1" complexity="1">
              <lines>
                <line number="14" hits="10" branch="False" />
              </lines>
            </method>
            <method name="get_DateOfBirth" signature="()" line-rate="1" branch-rate="1" complexity="1">
              <lines>
                <line number="18" hits="10" branch="False" />
              </lines>
            </method>
            <method name="get_UserRoles" signature="()" line-rate="1" branch-rate="1" complexity="1">
              <lines>
                <line number="20" hits="16" branch="False" />
              </lines>
            </method>
          </methods>
          <lines>
            <line number="10" hits="10" branch="False" />
            <line number="14" hits="10" branch="False" />
            <line number="18" hits="10" branch="False" />
            <line number="20" hits="16" branch="False" />
          </lines>
        </class>
        <class name="HotelAPI.Models.Hotel" filename="Models\Hotel.cs" line-rate="1" branch-rate="1" complexity="6">
          <methods>
            <method name="get_Id" signature="()" line-rate="1" branch-rate="1" complexity="1">
              <lines>
                <line number="9" hits="12" branch="False" />
              </lines>
            </method>
            <method name="get_Name" signature="()" line-rate="1" branch-rate="1" complexity="1">
              <lines>
                <line number="13" hits="15" branch="False" />
              </lines>
            </method>
            <method name="get_Description" signature="()" line-rate="1" branch-rate="1" complexity="1">
              <lines>
                <line number="16" hits="15" branch="False" />
              </lines>
            </method>
            <method name="get_IsActive" signature="()" line-rate="1" branch-rate="1" complexity="1">
              <lines>
                <line number="18" hits="6" branch="False" />
              </lines>
            </method>
            <method name="get_ImageName" signature="()" line-rate="1" branch-rate="1" complexity="1">
              <lines>
                <line number="20" hits="7" branch="False" />
              </lines>
            </method>
            <method name="updateWithDTO" signature="(HotelAPI.Models.DTO.HotelDTO)" line-rate="1" branch-rate="1" complexity="1">
              <lines>
                <line number="22" hits="1" branch="False" />
                <line number="23" hits="1" branch="False" />
                <line number="24" hits="1" branch="False" />
                <line number="25" hits="1" branch="False" />
              </lines>
            </method>
          </methods>
          <lines>
            <line number="9" hits="12" branch="False" />
            <line number="13" hits="15" branch="False" />
            <line number="16" hits="15" branch="False" />
            <line number="18" hits="6" branch="False" />
            <line number="20" hits="7" branch="False" />
            <line number="22" hits="1" branch="False" />
            <line number="23" hits="1" branch="False" />
            <line number="24" hits="1" branch="False" />
            <line number="25" hits="1" branch="False" />
          </lines>
        </class>
        <class name="HotelAPI.Models.Roles" filename="Models\Roles.cs" line-rate="0" branch-rate="1" complexity="2">
          <methods>
            <method name="get_Id" signature="()" line-rate="0" branch-rate="1" complexity="1">
              <lines>
                <line number="8" hits="0" branch="False" />
              </lines>
            </method>
            <method name="get_Name" signature="()" line-rate="0" branch-rate="1" complexity="1">
              <lines>
                <line number="12" hits="0" branch="False" />
              </lines>
            </method>
          </methods>
          <lines>
            <line number="8" hits="0" branch="False" />
            <line number="12" hits="0" branch="False" />
          </lines>
        </class>
        <class name="HotelAPI.Models.User" filename="Models\User.cs" line-rate="1" branch-rate="1" complexity="6">
          <methods>
            <method name="get_Id" signature="()" line-rate="1" branch-rate="1" complexity="1">
              <lines>
                <line number="8" hits="16" branch="False" />
              </lines>
            </method>
            <method name="get_Email" signature="()" line-rate="1" branch-rate="1" complexity="1">
              <lines>
                <line number="12" hits="26" branch="False" />
              </lines>
            </method>
            <method name="get_Password" signature="()" line-rate="1" branch-rate="1" complexity="1">
              <lines>
                <line number="16" hits="17" branch="False" />
              </lines>
            </method>
            <method name="get_Name" signature="()" line-rate="1" branch-rate="1" complexity="1">
              <lines>
                <line number="21" hits="15" branch="False" />
              </lines>
            </method>
            <method name="get_DateOfBirth" signature="()" line-rate="1" branch-rate="1" complexity="1">
              <lines>
                <line number="25" hits="21" branch="False" />
              </lines>
            </method>
            <method name="get_UserRoles" signature="()" line-rate="1" branch-rate="1" complexity="1">
              <lines>
                <line number="27" hits="31" branch="False" />
              </lines>
            </method>
          </methods>
          <lines>
            <line number="8" hits="16" branch="False" />
            <line number="12" hits="26" branch="False" />
            <line number="16" hits="17" branch="False" />
            <line number="21" hits="15" branch="False" />
            <line number="25" hits="21" branch="False" />
            <line number="27" hits="31" branch="False" />
          </lines>
        </class>
        <class name="HotelAPI.Models.DTO.HotelDTO" filename="Models\DTO\HotelDTO.cs" line-rate="1" branch-rate="1" complexity="3">
          <methods>
            <method name="get_Id" signature="()" line-rate="1" branch-rate="1" complexity="1">
              <lines>
                <line number="8" hits="23" branch="False" />
              </lines>
            </method>
            <method name="get_Name" signature="()" line-rate="1" branch-rate="1" complexity="1">
              <lines>
                <line number="12" hits="17" branch="False" />
              </lines>
            </method>
            <method name="get_Description" signature="()" line-rate="1" branch-rate="1" complexity="1">
              <lines>
                <line number="15" hits="17" branch="False" />
              </lines>
            </method>
          </methods>
          <lines>
            <line number="8" hits="23" branch="False" />
            <line number="12" hits="17" branch="False" />
            <line number="15" hits="17" branch="False" />
          </lines>
        </class>
        <class name="HotelAPI.Models.DTO.SignUpRequest" filename="Models\DTO\SignUpRequest.cs" line-rate="1" branch-rate="1" complexity="5">
          <methods>
            <method name="get_Name" signature="()" line-rate="1" branch-rate="1" complexity="1">
              <lines>
                <line number="11" hits="7" branch="False" />
              </lines>
            </method>
            <method name="get_DateOfBirth" signature="()" line-rate="1" branch-rate="1" complexity="1">
              <lines>
                <line number="15" hits="7" branch="False" />
              </lines>
            </method>
            <method name="get_Email" signature="()" line-rate="1" branch-rate="1" complexity="1">
              <lines>
                <line number="19" hits="7" branch="False" />
              </lines>
            </method>
            <method name="get_Password" signature="()" line-rate="1" branch-rate="1" complexity="1">
              <lines>
                <line number="24" hits="6" branch="False" />
              </lines>
            </method>
            <method name="get_ConfirmPassword" signature="()" line-rate="1" branch-rate="1" complexity="1">
              <lines>
                <line number="29" hits="3" branch="False" />
              </lines>
            </method>
          </methods>
          <lines>
            <line number="11" hits="7" branch="False" />
            <line number="15" hits="7" branch="False" />
            <line number="19" hits="7" branch="False" />
            <line number="24" hits="6" branch="False" />
            <line number="29" hits="3" branch="False" />
          </lines>
        </class>
        <class name="HotelAPI.Models.DTO.TokenResponse" filename="Models\DTO\TokenResponse.cs" line-rate="1" branch-rate="1" complexity="3">
          <methods>
            <method name="get_User" signature="()" line-rate="1" branch-rate="1" complexity="1">
              <lines>
                <line number="8" hits="22" branch="False" />
              </lines>
            </method>
            <method name="get_AccessToken" signature="()" line-rate="1" branch-rate="1" complexity="1">
              <lines>
                <line number="9" hits="11" branch="False" />
              </lines>
            </method>
            <method name="get_RefreshToken" signature="()" line-rate="1" branch-rate="1" complexity="1">
              <lines>
                <line number="12" hits="12" branch="False" />
              </lines>
            </method>
          </methods>
          <lines>
            <line number="8" hits="22" branch="False" />
            <line number="9" hits="11" branch="False" />
            <line number="12" hits="12" branch="False" />
          </lines>
        </class>
        <class name="HotelAPI.Models.DTO.UserCredentials" filename="Models\DTO\UserCredentials.cs" line-rate="1" branch-rate="1" complexity="2">
          <methods>
            <method name="get_Email" signature="()" line-rate="1" branch-rate="1" complexity="1">
              <lines>
                <line number="12" hits="11" branch="False" />
              </lines>
            </method>
            <method name="get_Password" signature="()" line-rate="1" branch-rate="1" complexity="1">
              <lines>
                <line number="16" hits="9" branch="False" />
              </lines>
            </method>
          </methods>
          <lines>
            <line number="12" hits="11" branch="False" />
            <line number="16" hits="9" branch="False" />
          </lines>
        </class>
        <class name="HotelAPI.Mapping.DTOToModelProfile" filename="Mapping\DTOToModelProfile.cs" line-rate="1" branch-rate="1" complexity="1">
          <methods>
            <method name=".ctor" signature="()" line-rate="1" branch-rate="1" complexity="1">
              <lines>
                <line number="9" hits="2" branch="False" />
                <line number="10" hits="2" branch="False" />
                <line number="11" hits="2" branch="False" />
                <line number="12" hits="2" branch="False" />
                <line number="13" hits="2" branch="False" />
                <line number="14" hits="2" branch="False" />
              </lines>
            </method>
          </methods>
          <lines>
            <line number="9" hits="2" branch="False" />
            <line number="10" hits="2" branch="False" />
            <line number="11" hits="2" branch="False" />
            <line number="12" hits="2" branch="False" />
            <line number="13" hits="2" branch="False" />
            <line number="14" hits="2" branch="False" />
          </lines>
        </class>
        <class name="HotelAPI.Mapping.ModelToDTOProfile" filename="Mapping\ModelToDTOProfile.cs" line-rate="1" branch-rate="1" complexity="1">
          <methods>
            <method name=".ctor" signature="()" line-rate="1" branch-rate="1" complexity="1">
              <lines>
                <line number="9" hits="2" branch="False" />
                <line number="10" hits="2" branch="False" />
                <line number="11" hits="2" branch="False" />
                <line number="13" hits="2" branch="False" />
                <line number="14" hits="2" branch="False" />
              </lines>
            </method>
          </methods>
          <lines>
            <line number="9" hits="2" branch="False" />
            <line number="10" hits="2" branch="False" />
            <line number="11" hits="2" branch="False" />
            <line number="13" hits="2" branch="False" />
            <line number="14" hits="2" branch="False" />
          </lines>
        </class>
        <class name="HotelAPI.Filters.ValidateFileAttribute" filename="Filters\ValidateFileAttribute.cs" line-rate="0.7726999999999999" branch-rate="0.8332999999999999" complexity="8">
          <methods>
            <method name="OnActionExecuting" signature="(Microsoft.AspNetCore.Mvc.Filters.ActionExecutingContext)" line-rate="0.8234999999999999" branch-rate="0.8332999999999999" complexity="6">
              <lines>
                <line number="15" hits="3" branch="False" />
                <line number="16" hits="3" branch="False" />
                <line number="17" hits="3" branch="True" condition-coverage="50% (1/2)">
                  <conditions>
                    <condition number="34" type="jump" coverage="50%" />
                  </conditions>
                </line>
                <line number="18" hits="0" branch="False" />
                <line number="19" hits="0" branch="False" />
                <line number="20" hits="0" branch="False" />
                <line number="23" hits="3" branch="False" />
                <line number="24" hits="3" branch="False" />
                <line number="25" hits="3" branch="True" condition-coverage="100% (2/2)">
                  <conditions>
                    <condition number="169" type="jump" coverage="100%" />
                  </conditions>
                </line>
                <line number="26" hits="1" branch="False" />
                <line number="27" hits="1" branch="False" />
                <line number="28" hits="1" branch="False" />
                <line number="31" hits="2" branch="True" condition-coverage="100% (2/2)">
                  <conditions>
                    <condition number="231" type="jump" coverage="100%" />
                  </conditions>
                </line>
                <line number="32" hits="1" branch="False" />
                <line number="33" hits="1" branch="False" />
                <line number="34" hits="1" branch="False" />
                <line number="37" hits="3" branch="False" />
              </lines>
            </method>
            <method name="OnActionExecuted" signature="(Microsoft.AspNetCore.Mvc.Filters.ActionExecutedContext)" line-rate="0" branch-rate="1" complexity="1">
              <lines>
                <line number="39" hits="0" branch="False" />
                <line number="40" hits="0" branch="False" />
              </lines>
            </method>
            <method name=".ctor" signature="()" line-rate="1" branch-rate="1" complexity="1">
              <lines>
                <line number="10" hits="3" branch="False" />
                <line number="11" hits="3" branch="False" />
                <line number="13" hits="3" branch="False" />
              </lines>
            </method>
          </methods>
          <lines>
            <line number="15" hits="3" branch="False" />
            <line number="16" hits="3" branch="False" />
            <line number="17" hits="3" branch="True" condition-coverage="50% (1/2)">
              <conditions>
                <condition number="34" type="jump" coverage="50%" />
              </conditions>
            </line>
            <line number="18" hits="0" branch="False" />
            <line number="19" hits="0" branch="False" />
            <line number="20" hits="0" branch="False" />
            <line number="23" hits="3" branch="False" />
            <line number="24" hits="3" branch="False" />
            <line number="25" hits="3" branch="True" condition-coverage="100% (2/2)">
              <conditions>
                <condition number="169" type="jump" coverage="100%" />
              </conditions>
            </line>
            <line number="26" hits="1" branch="False" />
            <line number="27" hits="1" branch="False" />
            <line number="28" hits="1" branch="False" />
            <line number="31" hits="2" branch="True" condition-coverage="100% (2/2)">
              <conditions>
                <condition number="231" type="jump" coverage="100%" />
              </conditions>
            </line>
            <line number="32" hits="1" branch="False" />
            <line number="33" hits="1" branch="False" />
            <line number="34" hits="1" branch="False" />
            <line number="37" hits="3" branch="False" />
            <line number="39" hits="0" branch="False" />
            <line number="40" hits="0" branch="False" />
            <line number="10" hits="3" branch="False" />
            <line number="11" hits="3" branch="False" />
            <line number="13" hits="3" branch="False" />
          </lines>
        </class>
        <class name="HotelAPI.Extensions.MiddlewareExtensions" filename="Extensions\MiddleWareExtensions.cs" line-rate="0" branch-rate="1" complexity="2">
          <methods>
            <method name="AddCustomSwagger" signature="(Microsoft.Extensions.DependencyInjection.IServiceCollection)" line-rate="0" branch-rate="1" complexity="1">
              <lines>
                <line number="8" hits="0" branch="False" />
                <line number="9" hits="0" branch="False" />
                <line number="10" hits="0" branch="False" />
                <line number="11" hits="0" branch="False" />
                <line number="12" hits="0" branch="False" />
                <line number="13" hits="0" branch="False" />
                <line number="14" hits="0" branch="False" />
                <line number="15" hits="0" branch="False" />
                <line number="16" hits="0" branch="False" />
                <line number="17" hits="0" branch="False" />
                <line number="18" hits="0" branch="False" />
                <line number="19" hits="0" branch="False" />
                <line number="20" hits="0" branch="False" />
                <line number="21" hits="0" branch="False" />
                <line number="22" hits="0" branch="False" />
                <line number="23" hits="0" branch="False" />
                <line number="24" hits="0" branch="False" />
                <line number="25" hits="0" branch="False" />
                <line number="26" hits="0" branch="False" />
                <line number="27" hits="0" branch="False" />
                <line number="28" hits="0" branch="False" />
                <line number="29" hits="0" branch="False" />
                <line number="30" hits="0" branch="False" />
                <line number="31" hits="0" branch="False" />
                <line number="32" hits="0" branch="False" />
                <line number="33" hits="0" branch="False" />
                <line number="34" hits="0" branch="False" />
                <line number="35" hits="0" branch="False" />
                <line number="36" hits="0" branch="False" />
                <line number="37" hits="0" branch="False" />
                <line number="38" hits="0" branch="False" />
                <line number="39" hits="0" branch="False" />
                <line number="40" hits="0" branch="False" />
                <line number="41" hits="0" branch="False" />
                <line number="42" hits="0" branch="False" />
                <line number="43" hits="0" branch="False" />
                <line number="44" hits="0" branch="False" />
                <line number="45" hits="0" branch="False" />
                <line number="46" hits="0" branch="False" />
                <line number="48" hits="0" branch="False" />
                <line number="49" hits="0" branch="False" />
              </lines>
            </method>
            <method name="UseCustomSwagger" signature="(Microsoft.AspNetCore.Builder.IApplicationBuilder)" line-rate="0" branch-rate="1" complexity="1">
              <lines>
                <line number="52" hits="0" branch="False" />
                <line number="53" hits="0" branch="False" />
                <line number="54" hits="0" branch="False" />
                <line number="55" hits="0" branch="False" />
                <line number="56" hits="0" branch="False" />
                <line number="57" hits="0" branch="False" />
                <line number="58" hits="0" branch="False" />
                <line number="59" hits="0" branch="False" />
                <line number="61" hits="0" branch="False" />
                <line number="62" hits="0" branch="False" />
              </lines>
            </method>
          </methods>
          <lines>
            <line number="8" hits="0" branch="False" />
            <line number="9" hits="0" branch="False" />
            <line number="10" hits="0" branch="False" />
            <line number="11" hits="0" branch="False" />
            <line number="12" hits="0" branch="False" />
            <line number="13" hits="0" branch="False" />
            <line number="14" hits="0" branch="False" />
            <line number="15" hits="0" branch="False" />
            <line number="16" hits="0" branch="False" />
            <line number="17" hits="0" branch="False" />
            <line number="18" hits="0" branch="False" />
            <line number="19" hits="0" branch="False" />
            <line number="20" hits="0" branch="False" />
            <line number="21" hits="0" branch="False" />
            <line number="22" hits="0" branch="False" />
            <line number="23" hits="0" branch="False" />
            <line number="24" hits="0" branch="False" />
            <line number="25" hits="0" branch="False" />
            <line number="26" hits="0" branch="False" />
            <line number="27" hits="0" branch="False" />
            <line number="28" hits="0" branch="False" />
            <line number="29" hits="0" branch="False" />
            <line number="30" hits="0" branch="False" />
            <line number="31" hits="0" branch="False" />
            <line number="32" hits="0" branch="False" />
            <line number="33" hits="0" branch="False" />
            <line number="34" hits="0" branch="False" />
            <line number="35" hits="0" branch="False" />
            <line number="36" hits="0" branch="False" />
            <line number="37" hits="0" branch="False" />
            <line number="38" hits="0" branch="False" />
            <line number="39" hits="0" branch="False" />
            <line number="40" hits="0" branch="False" />
            <line number="41" hits="0" branch="False" />
            <line number="42" hits="0" branch="False" />
            <line number="43" hits="0" branch="False" />
            <line number="44" hits="0" branch="False" />
            <line number="45" hits="0" branch="False" />
            <line number="46" hits="0" branch="False" />
            <line number="48" hits="0" branch="False" />
            <line number="49" hits="0" branch="False" />
            <line number="52" hits="0" branch="False" />
            <line number="53" hits="0" branch="False" />
            <line number="54" hits="0" branch="False" />
            <line number="55" hits="0" branch="False" />
            <line number="56" hits="0" branch="False" />
            <line number="57" hits="0" branch="False" />
            <line number="58" hits="0" branch="False" />
            <line number="59" hits="0" branch="False" />
            <line number="61" hits="0" branch="False" />
            <line number="62" hits="0" branch="False" />
          </lines>
        </class>
        <class name="HotelAPI.ErrorHandling.AppException" filename="ErrorHandling\AppException.cs" line-rate="0.2" branch-rate="1" complexity="3">
          <methods>
            <method name=".ctor" signature="()" line-rate="0" branch-rate="1" complexity="1">
              <lines>
                <line number="6" hits="0" branch="False" />
              </lines>
            </method>
            <method name=".ctor" signature="(System.String)" line-rate="1" branch-rate="1" complexity="1">
              <lines>
                <line number="8" hits="15" branch="False" />
              </lines>
            </method>
            <method name=".ctor" signature="(System.String,System.Object[])" line-rate="0" branch-rate="1" complexity="1">
              <lines>
                <line number="11" hits="0" branch="False" />
                <line number="12" hits="0" branch="False" />
                <line number="13" hits="0" branch="False" />
              </lines>
            </method>
          </methods>
          <lines>
            <line number="6" hits="0" branch="False" />
            <line number="8" hits="15" branch="False" />
            <line number="11" hits="0" branch="False" />
            <line number="12" hits="0" branch="False" />
            <line number="13" hits="0" branch="False" />
          </lines>
        </class>
        <class name="HotelAPI.ErrorHandling.ErrorHandlerMiddleware" filename="ErrorHandling\ErrorHandlingMiddleware.cs" line-rate="0" branch-rate="1" complexity="1">
          <methods>
            <method name=".ctor" signature="(Microsoft.AspNetCore.Http.RequestDelegate,Microsoft.Extensions.Logging.ILogger`1&lt;HotelAPI.ErrorHandling.ErrorHandlerMiddleware&gt;)" line-rate="0" branch-rate="1" complexity="1">
              <lines>
                <line number="11" hits="0" branch="False" />
                <line number="12" hits="0" branch="False" />
                <line number="13" hits="0" branch="False" />
                <line number="14" hits="0" branch="False" />
                <line number="15" hits="0" branch="False" />
              </lines>
            </method>
          </methods>
          <lines>
            <line number="11" hits="0" branch="False" />
            <line number="12" hits="0" branch="False" />
            <line number="13" hits="0" branch="False" />
            <line number="14" hits="0" branch="False" />
            <line number="15" hits="0" branch="False" />
          </lines>
        </class>
        <class name="HotelAPI.ErrorHandling.ErrorHandlerMiddleware/&lt;Invoke&gt;d__3" filename="ErrorHandling\ErrorHandlingMiddleware.cs" line-rate="0" branch-rate="0" complexity="6">
          <methods>
            <method name="MoveNext" signature="()" line-rate="0" branch-rate="0" complexity="6">
              <lines>
                <line number="18" hits="0" branch="False" />
                <line number="20" hits="0" branch="False" />
                <line number="21" hits="0" branch="False" />
                <line number="22" hits="0" branch="False" />
                <line number="23" hits="0" branch="False" />
                <line number="24" hits="0" branch="False" />
                <line number="25" hits="0" branch="False" />
                <line number="26" hits="0" branch="False" />
                <line number="28" hits="0" branch="True" condition-coverage="0% (0/4)">
                  <conditions>
                    <condition number="283" type="jump" coverage="0%" />
                    <condition number="308" type="jump" coverage="0%" />
                  </conditions>
                </line>
                <line number="32" hits="0" branch="False" />
                <line number="33" hits="0" branch="False" />
                <line number="36" hits="0" branch="False" />
                <line number="37" hits="0" branch="False" />
                <line number="40" hits="0" branch="False" />
                <line number="41" hits="0" branch="False" />
                <line number="42" hits="0" branch="False" />
                <line number="45" hits="0" branch="True" condition-coverage="0% (0/2)">
                  <conditions>
[...]
                <line number="11" hits="2" branch="False" />
                <line number="12" hits="2" branch="False" />
                <line number="13" hits="2" branch="False" />
              </lines>
            </method>
          </methods>
          <lines>
            <line number="10" hits="2" branch="False" />
            <line number="11" hits="2" branch="False" />
            <line number="12" hits="2" branch="False" />
            <line number="13" hits="2" branch="False" />
          </lines>
        </class>
        <class name="HotelAPI.Data.Repositories.UserRepository/&lt;FindByEmailAsync&gt;d__2" filename="Data\Repositories\UserRepository.cs" line-rate="1" branch-rate="1" complexity="1">
          <methods>
            <method name="MoveNext" signature="()" line-rate="1" branch-rate="1" complexity="1">
              <lines>
                <line number="16" hits="10" branch="False" />
                <line number="17" hits="10" branch="False" />
                <line number="18" hits="10" branch="False" />
              </lines>
            </method>
          </methods>
          <lines>
            <line number="16" hits="10" branch="False" />
            <line number="17" hits="10" branch="False" />
            <line number="18" hits="10" branch="False" />
          </lines>
        </class>
        <class name="HotelAPI.Controllers.AuthController" filename="Controllers\AuthController.cs" line-rate="1" branch-rate="1" complexity="2">
          <methods>
            <method name="LogOut" signature="()" line-rate="1" branch-rate="1" complexity="1">
              <lines>
                <line number="59" hits="1" branch="False" />
                <line number="60" hits="1" branch="False" />
                <line number="61" hits="1" branch="False" />
              </lines>
            </method>
            <method name=".ctor" signature="(HotelAPI.Services.iServices.IAuthService)" line-rate="1" branch-rate="1" complexity="1">
              <lines>
                <line number="15" hits="10" branch="False" />
                <line number="16" hits="10" branch="False" />
                <line number="17" hits="10" branch="False" />
                <line number="18" hits="10" branch="False" />
              </lines>
            </method>
          </methods>
          <lines>
            <line number="59" hits="1" branch="False" />
            <line number="60" hits="1" branch="False" />
            <line number="61" hits="1" branch="False" />
            <line number="15" hits="10" branch="False" />
            <line number="16" hits="10" branch="False" />
            <line number="17" hits="10" branch="False" />
            <line number="18" hits="10" branch="False" />
          </lines>
        </class>
        <class name="HotelAPI.Controllers.AuthController/&lt;Login&gt;d__3" filename="Controllers\AuthController.cs" line-rate="1" branch-rate="1" complexity="1">
          <methods>
            <method name="MoveNext" signature="()" line-rate="1" branch-rate="1" complexity="1">
              <lines>
                <line number="36" hits="5" branch="False" />
                <line number="37" hits="5" branch="False" />
                <line number="39" hits="3" branch="False" />
                <line number="40" hits="3" branch="False" />
              </lines>
            </method>
          </methods>
          <lines>
            <line number="36" hits="5" branch="False" />
            <line number="37" hits="5" branch="False" />
            <line number="39" hits="3" branch="False" />
            <line number="40" hits="3" branch="False" />
          </lines>
        </class>
        <class name="HotelAPI.Controllers.AuthController/&lt;RefreshToken&gt;d__4" filename="Controllers\AuthController.cs" line-rate="1" branch-rate="1" complexity="1">
          <methods>
            <method name="MoveNext" signature="()" line-rate="1" branch-rate="1" complexity="1">
              <lines>
                <line number="49" hits="1" branch="False" />
                <line number="50" hits="1" branch="False" />
                <line number="51" hits="1" branch="False" />
                <line number="52" hits="1" branch="False" />
              </lines>
            </method>
          </methods>
          <lines>
            <line number="49" hits="1" branch="False" />
            <line number="50" hits="1" branch="False" />
            <line number="51" hits="1" branch="False" />
            <line number="52" hits="1" branch="False" />
          </lines>
        </class>
        <class name="HotelAPI.Controllers.AuthController/&lt;SignUp&gt;d__2" filename="Controllers\AuthController.cs" line-rate="1" branch-rate="1" complexity="1">
          <methods>
            <method name="MoveNext" signature="()" line-rate="1" branch-rate="1" complexity="1">
              <lines>
                <line number="26" hits="2" branch="False" />
                <line number="27" hits="2" branch="False" />
                <line number="28" hits="2" branch="False" />
                <line number="29" hits="2" branch="False" />
              </lines>
            </method>
          </methods>
          <lines>
            <line number="26" hits="2" branch="False" />
            <line number="27" hits="2" branch="False" />
            <line number="28" hits="2" branch="False" />
            <line number="29" hits="2" branch="False" />
          </lines>
        </class>
        <class name="HotelAPI.Controllers.HotelsController" filename="Controllers\HotelController.cs" line-rate="1" branch-rate="1" complexity="2">
          <methods>
            <method name="&lt;GetHotels&gt;b__3_0" signature="(HotelAPI.Models.Hotel)" line-rate="1" branch-rate="1" complexity="1">
              <lines>
                <line number="38" hits="6" branch="False" />
              </lines>
            </method>
            <method name=".ctor" signature="(HotelAPI.Data.Repositories.IRepositories.IUnitOfWork,AutoMapper.IMapper)" line-rate="1" branch-rate="1" complexity="1">
              <lines>
                <line number="21" hits="11" branch="False" />
                <line number="22" hits="11" branch="False" />
                <line number="23" hits="11" branch="False" />
                <line number="24" hits="11" branch="False" />
                <line number="25" hits="11" branch="False" />
              </lines>
            </method>
          </methods>
          <lines>
            <line number="38" hits="6" branch="False" />
            <line number="21" hits="11" branch="False" />
            <line number="22" hits="11" branch="False" />
            <line number="23" hits="11" branch="False" />
            <line number="24" hits="11" branch="False" />
            <line number="25" hits="11" branch="False" />
          </lines>
        </class>
        <class name="HotelAPI.Controllers.HotelsController/&lt;CreateNewHotel&gt;d__5" filename="Controllers\HotelController.cs" line-rate="1" branch-rate="1" complexity="2">
          <methods>
            <method name="MoveNext" signature="()" line-rate="1" branch-rate="1" complexity="2">
              <lines>
                <line number="82" hits="3" branch="False" />
                <line number="83" hits="4" branch="True" condition-coverage="100% (2/2)">
                  <conditions>
                    <condition number="169" type="jump" coverage="100%" />
                  </conditions>
                </line>
                <line number="84" hits="2" branch="False" />
                <line number="85" hits="2" branch="False" />
                <line number="86" hits="2" branch="False" />
                <line number="87" hits="2" branch="False" />
                <line number="88" hits="2" branch="False" />
                <line number="89" hits="2" branch="False" />
                <line number="90" hits="2" branch="False" />
                <line number="91" hits="2" branch="False" />
                <line number="92" hits="2" branch="False" />
                <line number="93" hits="2" branch="False" />
                <line number="94" hits="2" branch="False" />
              </lines>
            </method>
          </methods>
          <lines>
            <line number="82" hits="3" branch="False" />
            <line number="83" hits="4" branch="True" condition-coverage="100% (2/2)">
              <conditions>
                <condition number="169" type="jump" coverage="100%" />
              </conditions>
            </line>
            <line number="84" hits="2" branch="False" />
            <line number="85" hits="2" branch="False" />
            <line number="86" hits="2" branch="False" />
            <line number="87" hits="2" branch="False" />
            <line number="88" hits="2" branch="False" />
            <line number="89" hits="2" branch="False" />
            <line number="90" hits="2" branch="False" />
            <line number="91" hits="2" branch="False" />
            <line number="92" hits="2" branch="False" />
            <line number="93" hits="2" branch="False" />
            <line number="94" hits="2" branch="False" />
          </lines>
        </class>
        <class name="HotelAPI.Controllers.HotelsController/&lt;DeleteHotel&gt;d__7" filename="Controllers\HotelController.cs" line-rate="0.7692" branch-rate="0.75" complexity="4">
          <methods>
            <method name="MoveNext" signature="()" line-rate="0.7692" branch-rate="0.75" complexity="4">
              <lines>
                <line number="131" hits="2" branch="False" />
                <line number="132" hits="2" branch="False" />
                <line number="134" hits="2" branch="True" condition-coverage="100% (2/2)">
                  <conditions>
                    <condition number="184" type="jump" coverage="100%" />
                  </conditions>
                </line>
                <line number="135" hits="1" branch="False" />
                <line number="136" hits="1" branch="False" />
                <line number="138" hits="1" branch="True" condition-coverage="50% (1/2)">
                  <conditions>
                    <condition number="239" type="jump" coverage="50%" />
                  </conditions>
                </line>
                <line number="139" hits="0" branch="False" />
                <line number="141" hits="0" branch="False" />
                <line number="142" hits="0" branch="False" />
                <line number="143" hits="1" branch="False" />
                <line number="144" hits="1" branch="False" />
                <line number="146" hits="1" branch="False" />
                <line number="147" hits="2" branch="False" />
              </lines>
            </method>
          </methods>
          <lines>
            <line number="131" hits="2" branch="False" />
            <line number="132" hits="2" branch="False" />
            <line number="134" hits="2" branch="True" condition-coverage="100% (2/2)">
              <conditions>
                <condition number="184" type="jump" coverage="100%" />
              </conditions>
            </line>
            <line number="135" hits="1" branch="False" />
            <line number="136" hits="1" branch="False" />
            <line number="138" hits="1" branch="True" condition-coverage="50% (1/2)">
              <conditions>
                <condition number="239" type="jump" coverage="50%" />
              </conditions>
            </line>
            <line number="139" hits="0" branch="False" />
            <line number="141" hits="0" branch="False" />
            <line number="142" hits="0" branch="False" />
            <line number="143" hits="1" branch="False" />
            <line number="144" hits="1" branch="False" />
            <line number="146" hits="1" branch="False" />
            <line number="147" hits="2" branch="False" />
          </lines>
        </class>
        <class name="HotelAPI.Controllers.HotelsController/&lt;GetHotel&gt;d__4" filename="Controllers\HotelController.cs" line-rate="1" branch-rate="1" complexity="2">
          <methods>
            <method name="MoveNext" signature="()" line-rate="1" branch-rate="1" complexity="2">
              <lines>
                <line number="54" hits="2" branch="False" />
                <line number="55" hits="2" branch="False" />
                <line number="56" hits="3" branch="True" condition-coverage="100% (2/2)">
                  <conditions>
                    <condition number="173" type="jump" coverage="100%" />
                  </conditions>
                </line>
                <line number="57" hits="1" branch="False" />
                <line number="58" hits="2" branch="False" />
              </lines>
            </method>
          </methods>
          <lines>
            <line number="54" hits="2" branch="False" />
            <line number="55" hits="2" branch="False" />
            <line number="56" hits="3" branch="True" condition-coverage="100% (2/2)">
              <conditions>
                <condition number="173" type="jump" coverage="100%" />
              </conditions>
            </line>
            <line number="57" hits="1" branch="False" />
            <line number="58" hits="2" branch="False" />
          </lines>
        </class>
        <class name="HotelAPI.Controllers.HotelsController/&lt;GetHotels&gt;d__3" filename="Controllers\HotelController.cs" line-rate="1" branch-rate="1" complexity="1">
          <methods>
            <method name="MoveNext" signature="()" line-rate="1" branch-rate="1" complexity="1">
              <lines>
                <line number="36" hits="1" branch="False" />
                <line number="37" hits="1" branch="False" />
                <line number="39" hits="1" branch="False" />
              </lines>
            </method>
          </methods>
          <lines>
            <line number="36" hits="1" branch="False" />
            <line number="37" hits="1" branch="False" />
            <line number="39" hits="1" branch="False" />
          </lines>
        </class>
        <class name="HotelAPI.Controllers.HotelsController/&lt;UpdateHotel&gt;d__6" filename="Controllers\HotelController.cs" line-rate="1" branch-rate="1" complexity="4">
          <methods>
            <method name="MoveNext" signature="()" line-rate="1" branch-rate="1" complexity="4">
              <lines>
                <line number="108" hits="3" branch="False" />
                <line number="109" hits="4" branch="True" condition-coverage="100% (2/2)">
                  <conditions>
                    <condition number="53" type="jump" coverage="100%" />
                  </conditions>
                </line>
                <line number="110" hits="2" branch="False" />
                <line number="111" hits="2" branch="True" condition-coverage="100% (2/2)">
                  <conditions>
                    <condition number="225" type="jump" coverage="100%" />
                  </conditions>
                </line>
                <line number="112" hits="1" branch="False" />
                <line number="113" hits="1" branch="False" />
                <line number="115" hits="1" branch="False" />
                <line number="116" hits="1" branch="False" />
                <line number="117" hits="1" branch="False" />
                <line number="118" hits="2" branch="False" />
              </lines>
            </method>
          </methods>
          <lines>
            <line number="108" hits="3" branch="False" />
            <line number="109" hits="4" branch="True" condition-coverage="100% (2/2)">
              <conditions>
                <condition number="53" type="jump" coverage="100%" />
              </conditions>
            </line>
            <line number="110" hits="2" branch="False" />
            <line number="111" hits="2" branch="True" condition-coverage="100% (2/2)">
              <conditions>
                <condition number="225" type="jump" coverage="100%" />
              </conditions>
            </line>
            <line number="112" hits="1" branch="False" />
            <line number="113" hits="1" branch="False" />
            <line number="115" hits="1" branch="False" />
            <line number="116" hits="1" branch="False" />
            <line number="117" hits="1" branch="False" />
            <line number="118" hits="2" branch="False" />
          </lines>
        </class>
        <class name="HotelAPI.Controllers.HotelsController/&lt;Upload&gt;d__8" filename="Controllers\HotelController.cs" line-rate="0.375" branch-rate="0.5" complexity="4">
          <methods>
            <method name="MoveNext" signature="()" line-rate="0.375" branch-rate="0.5" complexity="4">
              <lines>
                <line number="156" hits="1" branch="True" condition-coverage="50% (1/2)">
                  <conditions>
                    <condition number="16" type="jump" coverage="50%" />
                  </conditions>
                </line>
                <line number="157" hits="1" branch="False" />
                <line number="159" hits="1" branch="True" condition-coverage="50% (1/2)">
                  <conditions>
                    <condition number="186" type="jump" coverage="50%" />
                  </conditions>
                </line>
                <line number="160" hits="1" branch="False" />
                <line number="161" hits="1" branch="False" />
                <line number="164" hits="0" branch="False" />
                <line number="165" hits="0" branch="False" />
                <line number="166" hits="0" branch="False" />
                <line number="167" hits="0" branch="False" />
                <line number="168" hits="0" branch="False" />
                <line number="169" hits="0" branch="False" />
                <line number="170" hits="0" branch="False" />
                <line number="171" hits="0" branch="False" />
                <line number="172" hits="0" branch="False" />
                <line number="173" hits="0" branch="False" />
                <line number="175" hits="1" branch="False" />
              </lines>
            </method>
          </methods>
          <lines>
            <line number="156" hits="1" branch="True" condition-coverage="50% (1/2)">
              <conditions>
                <condition number="16" type="jump" coverage="50%" />
              </conditions>
            </line>
            <line number="157" hits="1" branch="False" />
            <line number="159" hits="1" branch="True" condition-coverage="50% (1/2)">
              <conditions>
                <condition number="186" type="jump" coverage="50%" />
              </conditions>
            </line>
            <line number="160" hits="1" branch="False" />
            <line number="161" hits="1" branch="False" />
            <line number="164" hits="0" branch="False" />
            <line number="165" hits="0" branch="False" />
            <line number="166" hits="0" branch="False" />
            <line number="167" hits="0" branch="False" />
            <line number="168" hits="0" branch="False" />
            <line number="169" hits="0" branch="False" />
            <line number="170" hits="0" branch="False" />
            <line number="171" hits="0" branch="False" />
            <line number="172" hits="0" branch="False" />
            <line number="173" hits="0" branch="False" />
            <line number="175" hits="1" branch="False" />
          </lines>
        </class>
      </classes>
    </package>
  </packages>
</coverage>